app/build/outputs/logs/manifest-merger-debug-report.txt
-- Merging decision tree log ---
manifest
ADDED from src\main\AndroidManifest.xml:2:1-111:12
	package
		ADDED from src\main\AndroidManifest.xml:4:5-43
		INJECTED from src\main\AndroidManifest.xml
		INJECTED from src\main\AndroidManifest.xml
	android:versionName
		INJECTED from src\main\AndroidManifest.xml
		INJECTED from src\main\AndroidManifest.xml
	xmlns:android
		ADDED from src\main\AndroidManifest.xml:2:11-69
	android:versionCode
		INJECTED from src\main\AndroidManifest.xml
		INJECTED from src\main\AndroidManifest.xml
uses-permission#android.permission.INTERNET
ADDED from src\main\AndroidManifest.xml:6:5-67
MERGED from [com.crashlytics.sdk.android:crashlytics:2.6.5] AndroidManifest.xml:9:5-67
MERGED from [com.crashlytics.sdk.android:beta:1.2.2] AndroidManifest.xml:9:5-67
MERGED from [com.crashlytics.sdk.android:crashlytics-core:2.3.14] AndroidManifest.xml:9:5-67
MERGED from [com.crashlytics.sdk.android:answers:1.3.10] AndroidManifest.xml:9:5-67
MERGED from [io.fabric.sdk.android:fabric:1.3.14] AndroidManifest.xml:25:5-67
	android:name
		ADDED from src\main\AndroidManifest.xml:6:22-64
uses-permission#android.permission.CAMERA
ADDED from src\main\AndroidManifest.xml:7:5-65
MERGED from [com.journeyapps:zxing-android-embedded:3.0.1] AndroidManifest.xml:23:5-65
	android:name
		ADDED from src\main\AndroidManifest.xml:7:22-62
uses-permission#android.permission.ACCESS_NETWORK_STATE
ADDED from src\main\AndroidManifest.xml:8:5-79
	android:name
		ADDED from src\main\AndroidManifest.xml:8:22-76
uses-permission#android.permission.READ_PHONE_STATE
ADDED from src\main\AndroidManifest.xml:9:5-75
	android:name
		ADDED from src\main\AndroidManifest.xml:9:22-72
uses-permission#android.permission.WAKE_LOCK
ADDED from src\main\AndroidManifest.xml:10:5-68
	android:name
		ADDED from src\main\AndroidManifest.xml:10:22-65
uses-permission#android.permission.VIBRATE
ADDED from src\main\AndroidManifest.xml:11:5-66
	android:name
		ADDED from src\main\AndroidManifest.xml:11:22-63
uses-permission#android.permission.RECEIVE_BOOT_COMPLETED
ADDED from src\main\AndroidManifest.xml:12:5-81
	android:name
		ADDED from src\main\AndroidManifest.xml:12:22-78
uses-permission#android.permission.GET_ACCOUNTS
ADDED from src\main\AndroidManifest.xml:13:5-71
	android:name
		ADDED from src\main\AndroidManifest.xml:13:22-68
uses-permission#com.google.android.c2dm.permission.RECEIVE
ADDED from src\main\AndroidManifest.xml:14:5-82
	android:name
		ADDED from src\main\AndroidManifest.xml:14:22-79
uses-permission#android.permission.READ_LOGS
ADDED from src\main\AndroidManifest.xml:15:5-68
	android:name
		ADDED from src\main\AndroidManifest.xml:15:22-65
uses-permission#android.permission.ACCESS_SUPERUSER
ADDED from src\main\AndroidManifest.xml:16:2-72
	android:name
		ADDED from src\main\AndroidManifest.xml:16:19-69
uses-permission#android.permission.WRITE_EXTERNAL_STORAGE
ADDED from src\main\AndroidManifest.xml:17:5-80
	android:name
		ADDED from src\main\AndroidManifest.xml:17:22-78
permission#com.semaphore.standardsupply.permission.C2D_MESSAGE
ADDED from src\main\AndroidManifest.xml:19:1-20:74
	android:protectionLevel
		ADDED from src\main\AndroidManifest.xml:19:13-48
	android:name
		ADDED from src\main\AndroidManifest.xml:20:5-71
uses-permission#com.semaphore.standardsupply.permission.C2D_MESSAGE
ADDED from src\main\AndroidManifest.xml:21:1-87
	android:name
		ADDED from src\main\AndroidManifest.xml:21:18-84
application
ADDED from src\main\AndroidManifest.xml:23:5-109:19
MERGED from [com.crashlytics.sdk.android:crashlytics:2.6.5] AndroidManifest.xml:11:5-20
MERGED from [com.crashlytics.sdk.android:beta:1.2.2] AndroidManifest.xml:11:5-20
MERGED from [com.crashlytics.sdk.android:crashlytics-core:2.3.14] AndroidManifest.xml:11:5-20
MERGED from [com.crashlytics.sdk.android:answers:1.3.10] AndroidManifest.xml:11:5-20
MERGED from [io.fabric.sdk.android:fabric:1.3.14] AndroidManifest.xml:27:5-20
MERGED from [com.journeyapps:zxing-android-embedded:3.0.1] AndroidManifest.xml:47:5-55:19
	android:label
		ADDED from src\main\AndroidManifest.xml:29:9-41
	android:allowBackup
		ADDED from src\main\AndroidManifest.xml:27:9-35
	android:icon
		ADDED from src\main\AndroidManifest.xml:28:9-41
	android:theme
		ADDED from src\main\AndroidManifest.xml:30:9-48
	android:name
		ADDED from src\main\AndroidManifest.xml:25:9-37
meta-data#android.support.UI_OPTIONS
ADDED from src\main\AndroidManifest.xml:31:10-33:56
	android:value
		ADDED from src\main\AndroidManifest.xml:33:13-53
	android:name
		ADDED from src\main\AndroidManifest.xml:32:13-54
meta-data#com.google.android.gms.version
ADDED from src\main\AndroidManifest.xml:34:7-119
	android:value
		ADDED from src\main\AndroidManifest.xml:34:64-117
	android:name
		ADDED from src\main\AndroidManifest.xml:34:18-63
activity#com.semaphore.standardsupply.SendLog
ADDED from src\main\AndroidManifest.xml:35:9-44:20
	android:textAppearance
		ADDED from src\main\AndroidManifest.xml:38:13-73
	android:windowSoftInputMode
		ADDED from src\main\AndroidManifest.xml:39:13-54
	android:theme
		ADDED from src\main\AndroidManifest.xml:37:13-56
	android:name
		ADDED from src\main\AndroidManifest.xml:36:13-64
intent-filter#android.intent.category.DEFAULT+com.semaphore.standardsupply.SendLog
ADDED from src\main\AndroidManifest.xml:40:13-43:29
action#com.semaphore.standardsupply.SendLog
ADDED from src\main\AndroidManifest.xml:41:15-77
	android:name
		ADDED from src\main\AndroidManifest.xml:41:23-74
category#android.intent.category.DEFAULT
ADDED from src\main\AndroidManifest.xml:42:15-74
	android:name
		ADDED from src\main\AndroidManifest.xml:42:25-71
activity#com.semaphore.standardsupply.activity.SplashActivity
ADDED from src\main\AndroidManifest.xml:45:9-54:20
	android:noHistory
		ADDED from src\main\AndroidManifest.xml:47:13-37
	android:theme
		ADDED from src\main\AndroidManifest.xml:48:13-60
	android:name
		ADDED from src\main\AndroidManifest.xml:46:13-80
intent-filter#android.intent.action.MAIN+android.intent.category.LAUNCHER
ADDED from src\main\AndroidManifest.xml:49:13-53:29
action#android.intent.action.MAIN
ADDED from src\main\AndroidManifest.xml:50:17-69
	android:name
		ADDED from src\main\AndroidManifest.xml:50:25-66
category#android.intent.category.LAUNCHER
ADDED from src\main\AndroidManifest.xml:52:17-77
	android:name
		ADDED from src\main\AndroidManifest.xml:52:27-74
activity#com.semaphore.standardsupply.activity.LoginActivity
ADDED from src\main\AndroidManifest.xml:55:9-60:20
	android:label
		ADDED from src\main\AndroidManifest.xml:57:13-45
	android:noHistory
		ADDED from src\main\AndroidManifest.xml:58:13-38
	android:theme
		ADDED from src\main\AndroidManifest.xml:59:13-60
	android:name
		ADDED from src\main\AndroidManifest.xml:56:13-79
activity#com.semaphore.standardsupply.activity.ForgotPasswordActivity
ADDED from src\main\AndroidManifest.xml:61:9-64:20
	android:theme
		ADDED from src\main\AndroidManifest.xml:63:13-60
	android:name
		ADDED from src\main\AndroidManifest.xml:62:13-88
activity#com.semaphore.standardsupply.activity.SignUpActivity
ADDED from src\main\AndroidManifest.xml:65:9-68:20
	android:theme
		ADDED from src\main\AndroidManifest.xml:67:13-60
	android:name
		ADDED from src\main\AndroidManifest.xml:66:13-80
activity#com.semaphore.standardsupply.activity.HomeActivity
ADDED from src\main\AndroidManifest.xml:69:9-73:20
	android:noHistory
		ADDED from src\main\AndroidManifest.xml:71:13-38
	android:windowSoftInputMode
		ADDED from src\main\AndroidManifest.xml:72:13-65
	android:name
		ADDED from src\main\AndroidManifest.xml:70:13-78
activity#com.semaphore.standardsupply.activity.CScanActivity
ADDED from src\main\AndroidManifest.xml:78:9-81:20
	android:noHistory
		ADDED from src\main\AndroidManifest.xml:80:13-38
	android:name
		ADDED from src\main\AndroidManifest.xml:79:13-79
service#com.parse.PushService
ADDED from src\main\AndroidManifest.xml:83:9-57
	android:name
		ADDED from src\main\AndroidManifest.xml:83:18-54
receiver#com.parse.ParseBroadcastReceiver
ADDED from src\main\AndroidManifest.xml:86:9-91:20
	android:name
		ADDED from src\main\AndroidManifest.xml:86:19-66
intent-filter#android.intent.action.BOOT_COMPLETED+android.intent.action.USER_PRESENT
ADDED from src\main\AndroidManifest.xml:87:13-90:29
action#android.intent.action.BOOT_COMPLETED
ADDED from src\main\AndroidManifest.xml:88:17-79
	android:name
		ADDED from src\main\AndroidManifest.xml:88:25-76
action#android.intent.action.USER_PRESENT
ADDED from src\main\AndroidManifest.xml:89:17-77
	android:name
		ADDED from src\main\AndroidManifest.xml:89:25-74
receiver#com.parse.GcmBroadcastReceiver
ADDED from src\main\AndroidManifest.xml:92:9-101:20
	android:permission
		ADDED from src\main\AndroidManifest.xml:94:13-73
	android:name
		ADDED from src\main\AndroidManifest.xml:93:13-58
intent-filter#com.google.android.c2dm.intent.RECEIVE+com.google.android.c2dm.intent.REGISTRATION+com.semaphore.standardsupply
ADDED from src\main\AndroidManifest.xml:95:13-100:29
action#com.google.android.c2dm.intent.RECEIVE
ADDED from src\main\AndroidManifest.xml:96:17-81
	android:name
		ADDED from src\main\AndroidManifest.xml:96:25-78
action#com.google.android.c2dm.intent.REGISTRATION
ADDED from src\main\AndroidManifest.xml:97:17-86
	android:name
		ADDED from src\main\AndroidManifest.xml:97:25-83
category#com.semaphore.standardsupply
ADDED from src\main\AndroidManifest.xml:99:17-73
	android:name
		ADDED from src\main\AndroidManifest.xml:99:27-70
meta-data#io.fabric.ApiKey
ADDED from src\main\AndroidManifest.xml:103:9-106:15
	android:value
		ADDED from src\main\AndroidManifest.xml:105:13-69
	android:name
		ADDED from src\main\AndroidManifest.xml:104:13-44
uses-sdk
INJECTED from src\main\AndroidManifest.xml reason: use-sdk injection requested
MERGED from [com.crashlytics.sdk.android:crashlytics:2.6.5] AndroidManifest.xml:7:5-43
MERGED from [com.crashlytics.sdk.android:beta:1.2.2] AndroidManifest.xml:7:5-43
MERGED from [com.crashlytics.sdk.android:crashlytics-core:2.3.14] AndroidManifest.xml:7:5-43
MERGED from [com.crashlytics.sdk.android:answers:1.3.10] AndroidManifest.xml:7:5-43
MERGED from [io.fabric.sdk.android:fabric:1.3.14] AndroidManifest.xml:23:5-43
MERGED from [com.journeyapps:zxing-android-embedded:3.0.1] AndroidManifest.xml:19:5-21:41
	android:targetSdkVersion
		INJECTED from src\main\AndroidManifest.xml
		INJECTED from src\main\AndroidManifest.xml
	android:minSdkVersion
		INJECTED from src\main\AndroidManifest.xml
		INJECTED from src\main\AndroidManifest.xml
uses-feature#android.hardware.camera
ADDED from [com.journeyapps:zxing-android-embedded:3.0.1] AndroidManifest.xml:26:5-28:36
	android:required
		ADDED from [com.journeyapps:zxing-android-embedded:3.0.1] AndroidManifest.xml:28:9-33
	android:name
		ADDED from [com.journeyapps:zxing-android-embedded:3.0.1] AndroidManifest.xml:27:9-47
uses-feature#android.hardware.camera.front
ADDED from [com.journeyapps:zxing-android-embedded:3.0.1] AndroidManifest.xml:29:5-31:36
	android:required
		ADDED from [com.journeyapps:zxing-android-embedded:3.0.1] AndroidManifest.xml:31:9-33
	android:name
		ADDED from [com.journeyapps:zxing-android-embedded:3.0.1] AndroidManifest.xml:30:9-53
uses-feature#android.hardware.camera.autofocus
ADDED from [com.journeyapps:zxing-android-embedded:3.0.1] AndroidManifest.xml:34:5-36:36
	android:required
		ADDED from [com.journeyapps:zxing-android-embedded:3.0.1] AndroidManifest.xml:36:9-33
	android:name
		ADDED from [com.journeyapps:zxing-android-embedded:3.0.1] AndroidManifest.xml:35:9-57
uses-feature#android.hardware.camera.flash
ADDED from [com.journeyapps:zxing-android-embedded:3.0.1] AndroidManifest.xml:37:5-39:36
	android:required
		ADDED from [com.journeyapps:zxing-android-embedded:3.0.1] AndroidManifest.xml:39:9-33
	android:name
		ADDED from [com.journeyapps:zxing-android-embedded:3.0.1] AndroidManifest.xml:38:9-53
uses-feature#android.hardware.screen.landscape
ADDED from [com.journeyapps:zxing-android-embedded:3.0.1] AndroidManifest.xml:40:5-42:36
	android:required
		ADDED from [com.journeyapps:zxing-android-embedded:3.0.1] AndroidManifest.xml:42:9-33
	android:name
		ADDED from [com.journeyapps:zxing-android-embedded:3.0.1] AndroidManifest.xml:41:9-57
uses-feature#android.hardware.wifi
ADDED from [com.journeyapps:zxing-android-embedded:3.0.1] AndroidManifest.xml:43:5-45:36
	android:required
		ADDED from [com.journeyapps:zxing-android-embedded:3.0.1] AndroidManifest.xml:45:9-33
	android:name
		ADDED from [com.journeyapps:zxing-android-embedded:3.0.1] AndroidManifest.xml:44:9-45
activity#com.journeyapps.barcodescanner.CaptureActivity
ADDED from [com.journeyapps:zxing-android-embedded:3.0.1] AndroidManifest.xml:48:9-54:63
	android:clearTaskOnLaunch
		ADDED from [com.journeyapps:zxing-android-embedded:3.0.1] AndroidManifest.xml:50:13-45
	android:screenOrientation
		ADDED from [com.journeyapps:zxing-android-embedded:3.0.1] AndroidManifest.xml:51:13-56
	android:stateNotNeeded
		ADDED from [com.journeyapps:zxing-android-embedded:3.0.1] AndroidManifest.xml:52:13-42
	android:windowSoftInputMode
		ADDED from [com.journeyapps:zxing-android-embedded:3.0.1] AndroidManifest.xml:54:13-60
	android:theme
		ADDED from [com.journeyapps:zxing-android-embedded:3.0.1] AndroidManifest.xml:53:13-54
	android:name
		ADDED from [com.journeyapps:zxing-android-embedded:3.0.1] AndroidManifest.xml:49:13-74